ERROR - 2023-11-18 14:44:12 --> Error connecting to the database: mysqli_sql_exception: Unknown database 'ci4-crud' in /Users/ferroyudisthira/Desktop/Semesters/Semester 5/Framework Based Programming/crud-ci4-pbkk/system/Database/MySQLi/Connection.php:184
Stack trace:
#0 /Users/ferroyudisthira/Desktop/Semesters/Semester 5/Framework Based Programming/crud-ci4-pbkk/system/Database/MySQLi/Connection.php(184): mysqli->real_connect(NULL, 'root', Object(SensitiveParameterValue), 'ci4-crud', NULL, '/Applications/X...', 0)
#1 /Users/ferroyudisthira/Desktop/Semesters/Semester 5/Framework Based Programming/crud-ci4-pbkk/system/Database/BaseConnection.php(391): CodeIgniter\Database\MySQLi\Connection->connect(false)
#2 /Users/ferroyudisthira/Desktop/Semesters/Semester 5/Framework Based Programming/crud-ci4-pbkk/system/Database/BaseConnection.php(574): CodeIgniter\Database\BaseConnection->initialize()
#3 /Users/ferroyudisthira/Desktop/Semesters/Semester 5/Framework Based Programming/crud-ci4-pbkk/system/Database/BaseBuilder.php(1615): CodeIgniter\Database\BaseConnection->query('SELECT *\nFROM `...', Array, false)
#4 /Users/ferroyudisthira/Desktop/Semesters/Semester 5/Framework Based Programming/crud-ci4-pbkk/system/Model.php(237): CodeIgniter\Database\BaseBuilder->get()
#5 /Users/ferroyudisthira/Desktop/Semesters/Semester 5/Framework Based Programming/crud-ci4-pbkk/system/BaseModel.php(624): CodeIgniter\Model->doFindAll(0, 0)
#6 /Users/ferroyudisthira/Desktop/Semesters/Semester 5/Framework Based Programming/crud-ci4-pbkk/app/Controllers/UserCrud.php(11): CodeIgniter\BaseModel->findAll()
#7 /Users/ferroyudisthira/Desktop/Semesters/Semester 5/Framework Based Programming/crud-ci4-pbkk/system/CodeIgniter.php(919): App\Controllers\UserCrud->index()
#8 /Users/ferroyudisthira/Desktop/Semesters/Semester 5/Framework Based Programming/crud-ci4-pbkk/system/CodeIgniter.php(494): CodeIgniter\CodeIgniter->runController(Object(App\Controllers\UserCrud))
#9 /Users/ferroyudisthira/Desktop/Semesters/Semester 5/Framework Based Programming/crud-ci4-pbkk/system/CodeIgniter.php(353): CodeIgniter\CodeIgniter->handleRequest(NULL, Object(Config\Cache), false)
#10 /Users/ferroyudisthira/Desktop/Semesters/Semester 5/Framework Based Programming/crud-ci4-pbkk/public/index.php(79): CodeIgniter\CodeIgniter->run()
#11 /Users/ferroyudisthira/Desktop/Semesters/Semester 5/Framework Based Programming/crud-ci4-pbkk/system/Commands/Server/rewrite.php(47): require_once('/Users/ferroyud...')
#12 {main}

Next CodeIgniter\Database\Exceptions\DatabaseException: Unknown database 'ci4-crud' in /Users/ferroyudisthira/Desktop/Semesters/Semester 5/Framework Based Programming/crud-ci4-pbkk/system/Database/MySQLi/Connection.php:229
Stack trace:
#0 /Users/ferroyudisthira/Desktop/Semesters/Semester 5/Framework Based Programming/crud-ci4-pbkk/system/Database/BaseConnection.php(391): CodeIgniter\Database\MySQLi\Connection->connect(false)
#1 /Users/ferroyudisthira/Desktop/Semesters/Semester 5/Framework Based Programming/crud-ci4-pbkk/system/Database/BaseConnection.php(574): CodeIgniter\Database\BaseConnection->initialize()
#2 /Users/ferroyudisthira/Desktop/Semesters/Semester 5/Framework Based Programming/crud-ci4-pbkk/system/Database/BaseBuilder.php(1615): CodeIgniter\Database\BaseConnection->query('SELECT *\nFROM `...', Array, false)
#3 /Users/ferroyudisthira/Desktop/Semesters/Semester 5/Framework Based Programming/crud-ci4-pbkk/system/Model.php(237): CodeIgniter\Database\BaseBuilder->get()
#4 /Users/ferroyudisthira/Desktop/Semesters/Semester 5/Framework Based Programming/crud-ci4-pbkk/system/BaseModel.php(624): CodeIgniter\Model->doFindAll(0, 0)
#5 /Users/ferroyudisthira/Desktop/Semesters/Semester 5/Framework Based Programming/crud-ci4-pbkk/app/Controllers/UserCrud.php(11): CodeIgniter\BaseModel->findAll()
#6 /Users/ferroyudisthira/Desktop/Semesters/Semester 5/Framework Based Programming/crud-ci4-pbkk/system/CodeIgniter.php(919): App\Controllers\UserCrud->index()
#7 /Users/ferroyudisthira/Desktop/Semesters/Semester 5/Framework Based Programming/crud-ci4-pbkk/system/CodeIgniter.php(494): CodeIgniter\CodeIgniter->runController(Object(App\Controllers\UserCrud))
#8 /Users/ferroyudisthira/Desktop/Semesters/Semester 5/Framework Based Programming/crud-ci4-pbkk/system/CodeIgniter.php(353): CodeIgniter\CodeIgniter->handleRequest(NULL, Object(Config\Cache), false)
#9 /Users/ferroyudisthira/Desktop/Semesters/Semester 5/Framework Based Programming/crud-ci4-pbkk/public/index.php(79): CodeIgniter\CodeIgniter->run()
#10 /Users/ferroyudisthira/Desktop/Semesters/Semester 5/Framework Based Programming/crud-ci4-pbkk/system/Commands/Server/rewrite.php(47): require_once('/Users/ferroyud...')
#11 {main}
CRITICAL - 2023-11-18 14:44:12 --> Unable to connect to the database.
Main connection [MySQLi]: Unknown database 'ci4-crud'
in SYSTEMPATH/Database/BaseConnection.php on line 427.
 1 SYSTEMPATH/Database/BaseConnection.php(574): CodeIgniter\Database\BaseConnection->initialize()
 2 SYSTEMPATH/Database/BaseBuilder.php(1615): CodeIgniter\Database\BaseConnection->query('SELECT *
FROM `users`
ORDER BY `id` DESC', [], false)
 3 SYSTEMPATH/Model.php(237): CodeIgniter\Database\BaseBuilder->get()
 4 SYSTEMPATH/BaseModel.php(624): CodeIgniter\Model->doFindAll(0, 0)
 5 APPPATH/Controllers/UserCrud.php(11): CodeIgniter\BaseModel->findAll()
 6 SYSTEMPATH/CodeIgniter.php(919): App\Controllers\UserCrud->index()
 7 SYSTEMPATH/CodeIgniter.php(494): CodeIgniter\CodeIgniter->runController(Object(App\Controllers\UserCrud))
 8 SYSTEMPATH/CodeIgniter.php(353): CodeIgniter\CodeIgniter->handleRequest(null, Object(Config\Cache), false)
 9 FCPATH/index.php(79): CodeIgniter\CodeIgniter->run()
10 SYSTEMPATH/Commands/Server/rewrite.php(47): require_once('/Users/ferroyudisthira/Desktop/Semesters/Semester 5/Framework Based Programming/crud-ci4-pbkk/public/index.php')
ERROR - 2023-11-18 14:44:42 --> Error connecting to the database: mysqli_sql_exception: No such file or directory in /Users/ferroyudisthira/Desktop/Semesters/Semester 5/Framework Based Programming/crud-ci4-pbkk/system/Database/MySQLi/Connection.php:184
Stack trace:
#0 /Users/ferroyudisthira/Desktop/Semesters/Semester 5/Framework Based Programming/crud-ci4-pbkk/system/Database/MySQLi/Connection.php(184): mysqli->real_connect('localhost', 'root', Object(SensitiveParameterValue), 'ci4-crud', 3306, '', 0)
#1 /Users/ferroyudisthira/Desktop/Semesters/Semester 5/Framework Based Programming/crud-ci4-pbkk/system/Database/BaseConnection.php(391): CodeIgniter\Database\MySQLi\Connection->connect(false)
#2 /Users/ferroyudisthira/Desktop/Semesters/Semester 5/Framework Based Programming/crud-ci4-pbkk/system/Database/BaseConnection.php(574): CodeIgniter\Database\BaseConnection->initialize()
#3 /Users/ferroyudisthira/Desktop/Semesters/Semester 5/Framework Based Programming/crud-ci4-pbkk/system/Database/BaseBuilder.php(1615): CodeIgniter\Database\BaseConnection->query('SELECT *\nFROM `...', Array, false)
#4 /Users/ferroyudisthira/Desktop/Semesters/Semester 5/Framework Based Programming/crud-ci4-pbkk/system/Model.php(237): CodeIgniter\Database\BaseBuilder->get()
#5 /Users/ferroyudisthira/Desktop/Semesters/Semester 5/Framework Based Programming/crud-ci4-pbkk/system/BaseModel.php(624): CodeIgniter\Model->doFindAll(0, 0)
#6 /Users/ferroyudisthira/Desktop/Semesters/Semester 5/Framework Based Programming/crud-ci4-pbkk/app/Controllers/UserCrud.php(11): CodeIgniter\BaseModel->findAll()
#7 /Users/ferroyudisthira/Desktop/Semesters/Semester 5/Framework Based Programming/crud-ci4-pbkk/system/CodeIgniter.php(919): App\Controllers\UserCrud->index()
#8 /Users/ferroyudisthira/Desktop/Semesters/Semester 5/Framework Based Programming/crud-ci4-pbkk/system/CodeIgniter.php(494): CodeIgniter\CodeIgniter->runController(Object(App\Controllers\UserCrud))
#9 /Users/ferroyudisthira/Desktop/Semesters/Semester 5/Framework Based Programming/crud-ci4-pbkk/system/CodeIgniter.php(353): CodeIgniter\CodeIgniter->handleRequest(NULL, Object(Config\Cache), false)
#10 /Users/ferroyudisthira/Desktop/Semesters/Semester 5/Framework Based Programming/crud-ci4-pbkk/public/index.php(79): CodeIgniter\CodeIgniter->run()
#11 /Users/ferroyudisthira/Desktop/Semesters/Semester 5/Framework Based Programming/crud-ci4-pbkk/system/Commands/Server/rewrite.php(47): require_once('/Users/ferroyud...')
#12 {main}

Next CodeIgniter\Database\Exceptions\DatabaseException: No such file or directory in /Users/ferroyudisthira/Desktop/Semesters/Semester 5/Framework Based Programming/crud-ci4-pbkk/system/Database/MySQLi/Connection.php:229
Stack trace:
#0 /Users/ferroyudisthira/Desktop/Semesters/Semester 5/Framework Based Programming/crud-ci4-pbkk/system/Database/BaseConnection.php(391): CodeIgniter\Database\MySQLi\Connection->connect(false)
#1 /Users/ferroyudisthira/Desktop/Semesters/Semester 5/Framework Based Programming/crud-ci4-pbkk/system/Database/BaseConnection.php(574): CodeIgniter\Database\BaseConnection->initialize()
#2 /Users/ferroyudisthira/Desktop/Semesters/Semester 5/Framework Based Programming/crud-ci4-pbkk/system/Database/BaseBuilder.php(1615): CodeIgniter\Database\BaseConnection->query('SELECT *\nFROM `...', Array, false)
#3 /Users/ferroyudisthira/Desktop/Semesters/Semester 5/Framework Based Programming/crud-ci4-pbkk/system/Model.php(237): CodeIgniter\Database\BaseBuilder->get()
#4 /Users/ferroyudisthira/Desktop/Semesters/Semester 5/Framework Based Programming/crud-ci4-pbkk/system/BaseModel.php(624): CodeIgniter\Model->doFindAll(0, 0)
#5 /Users/ferroyudisthira/Desktop/Semesters/Semester 5/Framework Based Programming/crud-ci4-pbkk/app/Controllers/UserCrud.php(11): CodeIgniter\BaseModel->findAll()
#6 /Users/ferroyudisthira/Desktop/Semesters/Semester 5/Framework Based Programming/crud-ci4-pbkk/system/CodeIgniter.php(919): App\Controllers\UserCrud->index()
#7 /Users/ferroyudisthira/Desktop/Semesters/Semester 5/Framework Based Programming/crud-ci4-pbkk/system/CodeIgniter.php(494): CodeIgniter\CodeIgniter->runController(Object(App\Controllers\UserCrud))
#8 /Users/ferroyudisthira/Desktop/Semesters/Semester 5/Framework Based Programming/crud-ci4-pbkk/system/CodeIgniter.php(353): CodeIgniter\CodeIgniter->handleRequest(NULL, Object(Config\Cache), false)
#9 /Users/ferroyudisthira/Desktop/Semesters/Semester 5/Framework Based Programming/crud-ci4-pbkk/public/index.php(79): CodeIgniter\CodeIgniter->run()
#10 /Users/ferroyudisthira/Desktop/Semesters/Semester 5/Framework Based Programming/crud-ci4-pbkk/system/Commands/Server/rewrite.php(47): require_once('/Users/ferroyud...')
#11 {main}
CRITICAL - 2023-11-18 14:44:42 --> Unable to connect to the database.
Main connection [MySQLi]: No such file or directory
in SYSTEMPATH/Database/BaseConnection.php on line 427.
 1 SYSTEMPATH/Database/BaseConnection.php(574): CodeIgniter\Database\BaseConnection->initialize()
 2 SYSTEMPATH/Database/BaseBuilder.php(1615): CodeIgniter\Database\BaseConnection->query('SELECT *
FROM `users`
ORDER BY `id` DESC', [], false)
 3 SYSTEMPATH/Model.php(237): CodeIgniter\Database\BaseBuilder->get()
 4 SYSTEMPATH/BaseModel.php(624): CodeIgniter\Model->doFindAll(0, 0)
 5 APPPATH/Controllers/UserCrud.php(11): CodeIgniter\BaseModel->findAll()
 6 SYSTEMPATH/CodeIgniter.php(919): App\Controllers\UserCrud->index()
 7 SYSTEMPATH/CodeIgniter.php(494): CodeIgniter\CodeIgniter->runController(Object(App\Controllers\UserCrud))
 8 SYSTEMPATH/CodeIgniter.php(353): CodeIgniter\CodeIgniter->handleRequest(null, Object(Config\Cache), false)
 9 FCPATH/index.php(79): CodeIgniter\CodeIgniter->run()
10 SYSTEMPATH/Commands/Server/rewrite.php(47): require_once('/Users/ferroyudisthira/Desktop/Semesters/Semester 5/Framework Based Programming/crud-ci4-pbkk/public/index.php')
ERROR - 2023-11-18 14:45:07 --> Error connecting to the database: mysqli_sql_exception: No such file or directory in /Users/ferroyudisthira/Desktop/Semesters/Semester 5/Framework Based Programming/crud-ci4-pbkk/system/Database/MySQLi/Connection.php:184
Stack trace:
#0 /Users/ferroyudisthira/Desktop/Semesters/Semester 5/Framework Based Programming/crud-ci4-pbkk/system/Database/MySQLi/Connection.php(184): mysqli->real_connect('localhost', 'root', Object(SensitiveParameterValue), 'crudproject', 3306, '', 0)
#1 /Users/ferroyudisthira/Desktop/Semesters/Semester 5/Framework Based Programming/crud-ci4-pbkk/system/Database/BaseConnection.php(391): CodeIgniter\Database\MySQLi\Connection->connect(false)
#2 /Users/ferroyudisthira/Desktop/Semesters/Semester 5/Framework Based Programming/crud-ci4-pbkk/system/Database/BaseConnection.php(574): CodeIgniter\Database\BaseConnection->initialize()
#3 /Users/ferroyudisthira/Desktop/Semesters/Semester 5/Framework Based Programming/crud-ci4-pbkk/system/Database/BaseBuilder.php(1615): CodeIgniter\Database\BaseConnection->query('SELECT *\nFROM `...', Array, false)
#4 /Users/ferroyudisthira/Desktop/Semesters/Semester 5/Framework Based Programming/crud-ci4-pbkk/system/Model.php(237): CodeIgniter\Database\BaseBuilder->get()
#5 /Users/ferroyudisthira/Desktop/Semesters/Semester 5/Framework Based Programming/crud-ci4-pbkk/system/BaseModel.php(624): CodeIgniter\Model->doFindAll(0, 0)
#6 /Users/ferroyudisthira/Desktop/Semesters/Semester 5/Framework Based Programming/crud-ci4-pbkk/app/Controllers/UserCrud.php(11): CodeIgniter\BaseModel->findAll()
#7 /Users/ferroyudisthira/Desktop/Semesters/Semester 5/Framework Based Programming/crud-ci4-pbkk/system/CodeIgniter.php(919): App\Controllers\UserCrud->index()
#8 /Users/ferroyudisthira/Desktop/Semesters/Semester 5/Framework Based Programming/crud-ci4-pbkk/system/CodeIgniter.php(494): CodeIgniter\CodeIgniter->runController(Object(App\Controllers\UserCrud))
#9 /Users/ferroyudisthira/Desktop/Semesters/Semester 5/Framework Based Programming/crud-ci4-pbkk/system/CodeIgniter.php(353): CodeIgniter\CodeIgniter->handleRequest(NULL, Object(Config\Cache), false)
#10 /Users/ferroyudisthira/Desktop/Semesters/Semester 5/Framework Based Programming/crud-ci4-pbkk/public/index.php(79): CodeIgniter\CodeIgniter->run()
#11 /Users/ferroyudisthira/Desktop/Semesters/Semester 5/Framework Based Programming/crud-ci4-pbkk/system/Commands/Server/rewrite.php(47): require_once('/Users/ferroyud...')
#12 {main}

Next CodeIgniter\Database\Exceptions\DatabaseException: No such file or directory in /Users/ferroyudisthira/Desktop/Semesters/Semester 5/Framework Based Programming/crud-ci4-pbkk/system/Database/MySQLi/Connection.php:229
Stack trace:
#0 /Users/ferroyudisthira/Desktop/Semesters/Semester 5/Framework Based Programming/crud-ci4-pbkk/system/Database/BaseConnection.php(391): CodeIgniter\Database\MySQLi\Connection->connect(false)
#1 /Users/ferroyudisthira/Desktop/Semesters/Semester 5/Framework Based Programming/crud-ci4-pbkk/system/Database/BaseConnection.php(574): CodeIgniter\Database\BaseConnection->initialize()
#2 /Users/ferroyudisthira/Desktop/Semesters/Semester 5/Framework Based Programming/crud-ci4-pbkk/system/Database/BaseBuilder.php(1615): CodeIgniter\Database\BaseConnection->query('SELECT *\nFROM `...', Array, false)
#3 /Users/ferroyudisthira/Desktop/Semesters/Semester 5/Framework Based Programming/crud-ci4-pbkk/system/Model.php(237): CodeIgniter\Database\BaseBuilder->get()
#4 /Users/ferroyudisthira/Desktop/Semesters/Semester 5/Framework Based Programming/crud-ci4-pbkk/system/BaseModel.php(624): CodeIgniter\Model->doFindAll(0, 0)
#5 /Users/ferroyudisthira/Desktop/Semesters/Semester 5/Framework Based Programming/crud-ci4-pbkk/app/Controllers/UserCrud.php(11): CodeIgniter\BaseModel->findAll()
#6 /Users/ferroyudisthira/Desktop/Semesters/Semester 5/Framework Based Programming/crud-ci4-pbkk/system/CodeIgniter.php(919): App\Controllers\UserCrud->index()
#7 /Users/ferroyudisthira/Desktop/Semesters/Semester 5/Framework Based Programming/crud-ci4-pbkk/system/CodeIgniter.php(494): CodeIgniter\CodeIgniter->runController(Object(App\Controllers\UserCrud))
#8 /Users/ferroyudisthira/Desktop/Semesters/Semester 5/Framework Based Programming/crud-ci4-pbkk/system/CodeIgniter.php(353): CodeIgniter\CodeIgniter->handleRequest(NULL, Object(Config\Cache), false)
#9 /Users/ferroyudisthira/Desktop/Semesters/Semester 5/Framework Based Programming/crud-ci4-pbkk/public/index.php(79): CodeIgniter\CodeIgniter->run()
#10 /Users/ferroyudisthira/Desktop/Semesters/Semester 5/Framework Based Programming/crud-ci4-pbkk/system/Commands/Server/rewrite.php(47): require_once('/Users/ferroyud...')
#11 {main}
CRITICAL - 2023-11-18 14:45:07 --> Unable to connect to the database.
Main connection [MySQLi]: No such file or directory
in SYSTEMPATH/Database/BaseConnection.php on line 427.
 1 SYSTEMPATH/Database/BaseConnection.php(574): CodeIgniter\Database\BaseConnection->initialize()
 2 SYSTEMPATH/Database/BaseBuilder.php(1615): CodeIgniter\Database\BaseConnection->query('SELECT *
FROM `users`
ORDER BY `id` DESC', [], false)
 3 SYSTEMPATH/Model.php(237): CodeIgniter\Database\BaseBuilder->get()
 4 SYSTEMPATH/BaseModel.php(624): CodeIgniter\Model->doFindAll(0, 0)
 5 APPPATH/Controllers/UserCrud.php(11): CodeIgniter\BaseModel->findAll()
 6 SYSTEMPATH/CodeIgniter.php(919): App\Controllers\UserCrud->index()
 7 SYSTEMPATH/CodeIgniter.php(494): CodeIgniter\CodeIgniter->runController(Object(App\Controllers\UserCrud))
 8 SYSTEMPATH/CodeIgniter.php(353): CodeIgniter\CodeIgniter->handleRequest(null, Object(Config\Cache), false)
 9 FCPATH/index.php(79): CodeIgniter\CodeIgniter->run()
10 SYSTEMPATH/Commands/Server/rewrite.php(47): require_once('/Users/ferroyudisthira/Desktop/Semesters/Semester 5/Framework Based Programming/crud-ci4-pbkk/public/index.php')
ERROR - 2023-11-18 14:45:08 --> Error connecting to the database: mysqli_sql_exception: No such file or directory in /Users/ferroyudisthira/Desktop/Semesters/Semester 5/Framework Based Programming/crud-ci4-pbkk/system/Database/MySQLi/Connection.php:184
Stack trace:
#0 /Users/ferroyudisthira/Desktop/Semesters/Semester 5/Framework Based Programming/crud-ci4-pbkk/system/Database/MySQLi/Connection.php(184): mysqli->real_connect('localhost', 'root', Object(SensitiveParameterValue), 'crudproject', 3306, '', 0)
#1 /Users/ferroyudisthira/Desktop/Semesters/Semester 5/Framework Based Programming/crud-ci4-pbkk/system/Database/BaseConnection.php(391): CodeIgniter\Database\MySQLi\Connection->connect(false)
#2 /Users/ferroyudisthira/Desktop/Semesters/Semester 5/Framework Based Programming/crud-ci4-pbkk/system/Database/BaseConnection.php(574): CodeIgniter\Database\BaseConnection->initialize()
#3 /Users/ferroyudisthira/Desktop/Semesters/Semester 5/Framework Based Programming/crud-ci4-pbkk/system/Database/BaseBuilder.php(1615): CodeIgniter\Database\BaseConnection->query('SELECT *\nFROM `...', Array, false)
#4 /Users/ferroyudisthira/Desktop/Semesters/Semester 5/Framework Based Programming/crud-ci4-pbkk/system/Model.php(237): CodeIgniter\Database\BaseBuilder->get()
#5 /Users/ferroyudisthira/Desktop/Semesters/Semester 5/Framework Based Programming/crud-ci4-pbkk/system/BaseModel.php(624): CodeIgniter\Model->doFindAll(0, 0)
#6 /Users/ferroyudisthira/Desktop/Semesters/Semester 5/Framework Based Programming/crud-ci4-pbkk/app/Controllers/UserCrud.php(11): CodeIgniter\BaseModel->findAll()
#7 /Users/ferroyudisthira/Desktop/Semesters/Semester 5/Framework Based Programming/crud-ci4-pbkk/system/CodeIgniter.php(919): App\Controllers\UserCrud->index()
#8 /Users/ferroyudisthira/Desktop/Semesters/Semester 5/Framework Based Programming/crud-ci4-pbkk/system/CodeIgniter.php(494): CodeIgniter\CodeIgniter->runController(Object(App\Controllers\UserCrud))
#9 /Users/ferroyudisthira/Desktop/Semesters/Semester 5/Framework Based Programming/crud-ci4-pbkk/system/CodeIgniter.php(353): CodeIgniter\CodeIgniter->handleRequest(NULL, Object(Config\Cache), false)
#10 /Users/ferroyudisthira/Desktop/Semesters/Semester 5/Framework Based Programming/crud-ci4-pbkk/public/index.php(79): CodeIgniter\CodeIgniter->run()
#11 /Users/ferroyudisthira/Desktop/Semesters/Semester 5/Framework Based Programming/crud-ci4-pbkk/system/Commands/Server/rewrite.php(47): require_once('/Users/ferroyud...')
#12 {main}

Next CodeIgniter\Database\Exceptions\DatabaseException: No such file or directory in /Users/ferroyudisthira/Desktop/Semesters/Semester 5/Framework Based Programming/crud-ci4-pbkk/system/Database/MySQLi/Connection.php:229
Stack trace:
#0 /Users/ferroyudisthira/Desktop/Semesters/Semester 5/Framework Based Programming/crud-ci4-pbkk/system/Database/BaseConnection.php(391): CodeIgniter\Database\MySQLi\Connection->connect(false)
#1 /Users/ferroyudisthira/Desktop/Semesters/Semester 5/Framework Based Programming/crud-ci4-pbkk/system/Database/BaseConnection.php(574): CodeIgniter\Database\BaseConnection->initialize()
#2 /Users/ferroyudisthira/Desktop/Semesters/Semester 5/Framework Based Programming/crud-ci4-pbkk/system/Database/BaseBuilder.php(1615): CodeIgniter\Database\BaseConnection->query('SELECT *\nFROM `...', Array, false)
#3 /Users/ferroyudisthira/Desktop/Semesters/Semester 5/Framework Based Programming/crud-ci4-pbkk/system/Model.php(237): CodeIgniter\Database\BaseBuilder->get()
#4 /Users/ferroyudisthira/Desktop/Semesters/Semester 5/Framework Based Programming/crud-ci4-pbkk/system/BaseModel.php(624): CodeIgniter\Model->doFindAll(0, 0)
#5 /Users/ferroyudisthira/Desktop/Semesters/Semester 5/Framework Based Programming/crud-ci4-pbkk/app/Controllers/UserCrud.php(11): CodeIgniter\BaseModel->findAll()
#6 /Users/ferroyudisthira/Desktop/Semesters/Semester 5/Framework Based Programming/crud-ci4-pbkk/system/CodeIgniter.php(919): App\Controllers\UserCrud->index()
#7 /Users/ferroyudisthira/Desktop/Semesters/Semester 5/Framework Based Programming/crud-ci4-pbkk/system/CodeIgniter.php(494): CodeIgniter\CodeIgniter->runController(Object(App\Controllers\UserCrud))
#8 /Users/ferroyudisthira/Desktop/Semesters/Semester 5/Framework Based Programming/crud-ci4-pbkk/system/CodeIgniter.php(353): CodeIgniter\CodeIgniter->handleRequest(NULL, Object(Config\Cache), false)
#9 /Users/ferroyudisthira/Desktop/Semesters/Semester 5/Framework Based Programming/crud-ci4-pbkk/public/index.php(79): CodeIgniter\CodeIgniter->run()
#10 /Users/ferroyudisthira/Desktop/Semesters/Semester 5/Framework Based Programming/crud-ci4-pbkk/system/Commands/Server/rewrite.php(47): require_once('/Users/ferroyud...')
#11 {main}
CRITICAL - 2023-11-18 14:45:08 --> Unable to connect to the database.
Main connection [MySQLi]: No such file or directory
in SYSTEMPATH/Database/BaseConnection.php on line 427.
 1 SYSTEMPATH/Database/BaseConnection.php(574): CodeIgniter\Database\BaseConnection->initialize()
 2 SYSTEMPATH/Database/BaseBuilder.php(1615): CodeIgniter\Database\BaseConnection->query('SELECT *
FROM `users`
ORDER BY `id` DESC', [], false)
 3 SYSTEMPATH/Model.php(237): CodeIgniter\Database\BaseBuilder->get()
 4 SYSTEMPATH/BaseModel.php(624): CodeIgniter\Model->doFindAll(0, 0)
 5 APPPATH/Controllers/UserCrud.php(11): CodeIgniter\BaseModel->findAll()
 6 SYSTEMPATH/CodeIgniter.php(919): App\Controllers\UserCrud->index()
 7 SYSTEMPATH/CodeIgniter.php(494): CodeIgniter\CodeIgniter->runController(Object(App\Controllers\UserCrud))
 8 SYSTEMPATH/CodeIgniter.php(353): CodeIgniter\CodeIgniter->handleRequest(null, Object(Config\Cache), false)
 9 FCPATH/index.php(79): CodeIgniter\CodeIgniter->run()
10 SYSTEMPATH/Commands/Server/rewrite.php(47): require_once('/Users/ferroyudisthira/Desktop/Semesters/Semester 5/Framework Based Programming/crud-ci4-pbkk/public/index.php')
ERROR - 2023-11-18 14:45:09 --> Error connecting to the database: mysqli_sql_exception: No such file or directory in /Users/ferroyudisthira/Desktop/Semesters/Semester 5/Framework Based Programming/crud-ci4-pbkk/system/Database/MySQLi/Connection.php:184
Stack trace:
#0 /Users/ferroyudisthira/Desktop/Semesters/Semester 5/Framework Based Programming/crud-ci4-pbkk/system/Database/MySQLi/Connection.php(184): mysqli->real_connect('localhost', 'root', Object(SensitiveParameterValue), 'crudproject', 3306, '', 0)
#1 /Users/ferroyudisthira/Desktop/Semesters/Semester 5/Framework Based Programming/crud-ci4-pbkk/system/Database/BaseConnection.php(391): CodeIgniter\Database\MySQLi\Connection->connect(false)
#2 /Users/ferroyudisthira/Desktop/Semesters/Semester 5/Framework Based Programming/crud-ci4-pbkk/system/Database/BaseConnection.php(574): CodeIgniter\Database\BaseConnection->initialize()
#3 /Users/ferroyudisthira/Desktop/Semesters/Semester 5/Framework Based Programming/crud-ci4-pbkk/system/Database/BaseBuilder.php(1615): CodeIgniter\Database\BaseConnection->query('SELECT *\nFROM `...', Array, false)
#4 /Users/ferroyudisthira/Desktop/Semesters/Semester 5/Framework Based Programming/crud-ci4-pbkk/system/Model.php(237): CodeIgniter\Database\BaseBuilder->get()
#5 /Users/ferroyudisthira/Desktop/Semesters/Semester 5/Framework Based Programming/crud-ci4-pbkk/system/BaseModel.php(624): CodeIgniter\Model->doFindAll(0, 0)
#6 /Users/ferroyudisthira/Desktop/Semesters/Semester 5/Framework Based Programming/crud-ci4-pbkk/app/Controllers/UserCrud.php(11): CodeIgniter\BaseModel->findAll()
#7 /Users/ferroyudisthira/Desktop/Semesters/Semester 5/Framework Based Programming/crud-ci4-pbkk/system/CodeIgniter.php(919): App\Controllers\UserCrud->index()
#8 /Users/ferroyudisthira/Desktop/Semesters/Semester 5/Framework Based Programming/crud-ci4-pbkk/system/CodeIgniter.php(494): CodeIgniter\CodeIgniter->runController(Object(App\Controllers\UserCrud))
#9 /Users/ferroyudisthira/Desktop/Semesters/Semester 5/Framework Based Programming/crud-ci4-pbkk/system/CodeIgniter.php(353): CodeIgniter\CodeIgniter->handleRequest(NULL, Object(Config\Cache), false)
#10 /Users/ferroyudisthira/Desktop/Semesters/Semester 5/Framework Based Programming/crud-ci4-pbkk/public/index.php(79): CodeIgniter\CodeIgniter->run()
#11 /Users/ferroyudisthira/Desktop/Semesters/Semester 5/Framework Based Programming/crud-ci4-pbkk/system/Commands/Server/rewrite.php(47): require_once('/Users/ferroyud...')
#12 {main}

Next CodeIgniter\Database\Exceptions\DatabaseException: No such file or directory in /Users/ferroyudisthira/Desktop/Semesters/Semester 5/Framework Based Programming/crud-ci4-pbkk/system/Database/MySQLi/Connection.php:229
Stack trace:
#0 /Users/ferroyudisthira/Desktop/Semesters/Semester 5/Framework Based Programming/crud-ci4-pbkk/system/Database/BaseConnection.php(391): CodeIgniter\Database\MySQLi\Connection->connect(false)
#1 /Users/ferroyudisthira/Desktop/Semesters/Semester 5/Framework Based Programming/crud-ci4-pbkk/system/Database/BaseConnection.php(574): CodeIgniter\Database\BaseConnection->initialize()
#2 /Users/ferroyudisthira/Desktop/Semesters/Semester 5/Framework Based Programming/crud-ci4-pbkk/system/Database/BaseBuilder.php(1615): CodeIgniter\Database\BaseConnection->query('SELECT *\nFROM `...', Array, false)
#3 /Users/ferroyudisthira/Desktop/Semesters/Semester 5/Framework Based Programming/crud-ci4-pbkk/system/Model.php(237): CodeIgniter\Database\BaseBuilder->get()
#4 /Users/ferroyudisthira/Desktop/Semesters/Semester 5/Framework Based Programming/crud-ci4-pbkk/system/BaseModel.php(624): CodeIgniter\Model->doFindAll(0, 0)
#5 /Users/ferroyudisthira/Desktop/Semesters/Semester 5/Framework Based Programming/crud-ci4-pbkk/app/Controllers/UserCrud.php(11): CodeIgniter\BaseModel->findAll()
#6 /Users/ferroyudisthira/Desktop/Semesters/Semester 5/Framework Based Programming/crud-ci4-pbkk/system/CodeIgniter.php(919): App\Controllers\UserCrud->index()
#7 /Users/ferroyudisthira/Desktop/Semesters/Semester 5/Framework Based Programming/crud-ci4-pbkk/system/CodeIgniter.php(494): CodeIgniter\CodeIgniter->runController(Object(App\Controllers\UserCrud))
#8 /Users/ferroyudisthira/Desktop/Semesters/Semester 5/Framework Based Programming/crud-ci4-pbkk/system/CodeIgniter.php(353): CodeIgniter\CodeIgniter->handleRequest(NULL, Object(Config\Cache), false)
#9 /Users/ferroyudisthira/Desktop/Semesters/Semester 5/Framework Based Programming/crud-ci4-pbkk/public/index.php(79): CodeIgniter\CodeIgniter->run()
#10 /Users/ferroyudisthira/Desktop/Semesters/Semester 5/Framework Based Programming/crud-ci4-pbkk/system/Commands/Server/rewrite.php(47): require_once('/Users/ferroyud...')
#11 {main}
CRITICAL - 2023-11-18 14:45:09 --> Unable to connect to the database.
Main connection [MySQLi]: No such file or directory
in SYSTEMPATH/Database/BaseConnection.php on line 427.
 1 SYSTEMPATH/Database/BaseConnection.php(574): CodeIgniter\Database\BaseConnection->initialize()
 2 SYSTEMPATH/Database/BaseBuilder.php(1615): CodeIgniter\Database\BaseConnection->query('SELECT *
FROM `users`
ORDER BY `id` DESC', [], false)
 3 SYSTEMPATH/Model.php(237): CodeIgniter\Database\BaseBuilder->get()
 4 SYSTEMPATH/BaseModel.php(624): CodeIgniter\Model->doFindAll(0, 0)
 5 APPPATH/Controllers/UserCrud.php(11): CodeIgniter\BaseModel->findAll()
 6 SYSTEMPATH/CodeIgniter.php(919): App\Controllers\UserCrud->index()
 7 SYSTEMPATH/CodeIgniter.php(494): CodeIgniter\CodeIgniter->runController(Object(App\Controllers\UserCrud))
 8 SYSTEMPATH/CodeIgniter.php(353): CodeIgniter\CodeIgniter->handleRequest(null, Object(Config\Cache), false)
 9 FCPATH/index.php(79): CodeIgniter\CodeIgniter->run()
10 SYSTEMPATH/Commands/Server/rewrite.php(47): require_once('/Users/ferroyudisthira/Desktop/Semesters/Semester 5/Framework Based Programming/crud-ci4-pbkk/public/index.php')
ERROR - 2023-11-18 14:45:47 --> Error connecting to the database: mysqli_sql_exception: Unknown database 'ci4-crud' in /Users/ferroyudisthira/Desktop/Semesters/Semester 5/Framework Based Programming/crud-ci4-pbkk/system/Database/MySQLi/Connection.php:184
Stack trace:
#0 /Users/ferroyudisthira/Desktop/Semesters/Semester 5/Framework Based Programming/crud-ci4-pbkk/system/Database/MySQLi/Connection.php(184): mysqli->real_connect(NULL, 'root', Object(SensitiveParameterValue), 'ci4-crud', NULL, '/Applications/X...', 0)
#1 /Users/ferroyudisthira/Desktop/Semesters/Semester 5/Framework Based Programming/crud-ci4-pbkk/system/Database/BaseConnection.php(391): CodeIgniter\Database\MySQLi\Connection->connect(false)
#2 /Users/ferroyudisthira/Desktop/Semesters/Semester 5/Framework Based Programming/crud-ci4-pbkk/system/Database/BaseConnection.php(574): CodeIgniter\Database\BaseConnection->initialize()
#3 /Users/ferroyudisthira/Desktop/Semesters/Semester 5/Framework Based Programming/crud-ci4-pbkk/system/Database/BaseBuilder.php(1615): CodeIgniter\Database\BaseConnection->query('SELECT *\nFROM `...', Array, false)
#4 /Users/ferroyudisthira/Desktop/Semesters/Semester 5/Framework Based Programming/crud-ci4-pbkk/system/Model.php(237): CodeIgniter\Database\BaseBuilder->get()
#5 /Users/ferroyudisthira/Desktop/Semesters/Semester 5/Framework Based Programming/crud-ci4-pbkk/system/BaseModel.php(624): CodeIgniter\Model->doFindAll(0, 0)
#6 /Users/ferroyudisthira/Desktop/Semesters/Semester 5/Framework Based Programming/crud-ci4-pbkk/app/Controllers/UserCrud.php(11): CodeIgniter\BaseModel->findAll()
#7 /Users/ferroyudisthira/Desktop/Semesters/Semester 5/Framework Based Programming/crud-ci4-pbkk/system/CodeIgniter.php(919): App\Controllers\UserCrud->index()
#8 /Users/ferroyudisthira/Desktop/Semesters/Semester 5/Framework Based Programming/crud-ci4-pbkk/system/CodeIgniter.php(494): CodeIgniter\CodeIgniter->runController(Object(App\Controllers\UserCrud))
#9 /Users/ferroyudisthira/Desktop/Semesters/Semester 5/Framework Based Programming/crud-ci4-pbkk/system/CodeIgniter.php(353): CodeIgniter\CodeIgniter->handleRequest(NULL, Object(Config\Cache), false)
#10 /Users/ferroyudisthira/Desktop/Semesters/Semester 5/Framework Based Programming/crud-ci4-pbkk/public/index.php(79): CodeIgniter\CodeIgniter->run()
#11 /Users/ferroyudisthira/Desktop/Semesters/Semester 5/Framework Based Programming/crud-ci4-pbkk/system/Commands/Server/rewrite.php(47): require_once('/Users/ferroyud...')
#12 {main}

Next CodeIgniter\Database\Exceptions\DatabaseException: Unknown database 'ci4-crud' in /Users/ferroyudisthira/Desktop/Semesters/Semester 5/Framework Based Programming/crud-ci4-pbkk/system/Database/MySQLi/Connection.php:229
Stack trace:
#0 /Users/ferroyudisthira/Desktop/Semesters/Semester 5/Framework Based Programming/crud-ci4-pbkk/system/Database/BaseConnection.php(391): CodeIgniter\Database\MySQLi\Connection->connect(false)
#1 /Users/ferroyudisthira/Desktop/Semesters/Semester 5/Framework Based Programming/crud-ci4-pbkk/system/Database/BaseConnection.php(574): CodeIgniter\Database\BaseConnection->initialize()
#2 /Users/ferroyudisthira/Desktop/Semesters/Semester 5/Framework Based Programming/crud-ci4-pbkk/system/Database/BaseBuilder.php(1615): CodeIgniter\Database\BaseConnection->query('SELECT *\nFROM `...', Array, false)
#3 /Users/ferroyudisthira/Desktop/Semesters/Semester 5/Framework Based Programming/crud-ci4-pbkk/system/Model.php(237): CodeIgniter\Database\BaseBuilder->get()
#4 /Users/ferroyudisthira/Desktop/Semesters/Semester 5/Framework Based Programming/crud-ci4-pbkk/system/BaseModel.php(624): CodeIgniter\Model->doFindAll(0, 0)
#5 /Users/ferroyudisthira/Desktop/Semesters/Semester 5/Framework Based Programming/crud-ci4-pbkk/app/Controllers/UserCrud.php(11): CodeIgniter\BaseModel->findAll()
#6 /Users/ferroyudisthira/Desktop/Semesters/Semester 5/Framework Based Programming/crud-ci4-pbkk/system/CodeIgniter.php(919): App\Controllers\UserCrud->index()
#7 /Users/ferroyudisthira/Desktop/Semesters/Semester 5/Framework Based Programming/crud-ci4-pbkk/system/CodeIgniter.php(494): CodeIgniter\CodeIgniter->runController(Object(App\Controllers\UserCrud))
#8 /Users/ferroyudisthira/Desktop/Semesters/Semester 5/Framework Based Programming/crud-ci4-pbkk/system/CodeIgniter.php(353): CodeIgniter\CodeIgniter->handleRequest(NULL, Object(Config\Cache), false)
#9 /Users/ferroyudisthira/Desktop/Semesters/Semester 5/Framework Based Programming/crud-ci4-pbkk/public/index.php(79): CodeIgniter\CodeIgniter->run()
#10 /Users/ferroyudisthira/Desktop/Semesters/Semester 5/Framework Based Programming/crud-ci4-pbkk/system/Commands/Server/rewrite.php(47): require_once('/Users/ferroyud...')
#11 {main}
CRITICAL - 2023-11-18 14:45:47 --> Unable to connect to the database.
Main connection [MySQLi]: Unknown database 'ci4-crud'
in SYSTEMPATH/Database/BaseConnection.php on line 427.
 1 SYSTEMPATH/Database/BaseConnection.php(574): CodeIgniter\Database\BaseConnection->initialize()
 2 SYSTEMPATH/Database/BaseBuilder.php(1615): CodeIgniter\Database\BaseConnection->query('SELECT *
FROM `users`
ORDER BY `id` DESC', [], false)
 3 SYSTEMPATH/Model.php(237): CodeIgniter\Database\BaseBuilder->get()
 4 SYSTEMPATH/BaseModel.php(624): CodeIgniter\Model->doFindAll(0, 0)
 5 APPPATH/Controllers/UserCrud.php(11): CodeIgniter\BaseModel->findAll()
 6 SYSTEMPATH/CodeIgniter.php(919): App\Controllers\UserCrud->index()
 7 SYSTEMPATH/CodeIgniter.php(494): CodeIgniter\CodeIgniter->runController(Object(App\Controllers\UserCrud))
 8 SYSTEMPATH/CodeIgniter.php(353): CodeIgniter\CodeIgniter->handleRequest(null, Object(Config\Cache), false)
 9 FCPATH/index.php(79): CodeIgniter\CodeIgniter->run()
10 SYSTEMPATH/Commands/Server/rewrite.php(47): require_once('/Users/ferroyudisthira/Desktop/Semesters/Semester 5/Framework Based Programming/crud-ci4-pbkk/public/index.php')
ERROR - 2023-11-18 14:48:31 --> mysqli_sql_exception: Unknown column 'name' in 'field list' in /Users/ferroyudisthira/Desktop/Semesters/Semester 5/Framework Based Programming/crud-ci4-pbkk/system/Database/MySQLi/Connection.php:306
Stack trace:
#0 /Users/ferroyudisthira/Desktop/Semesters/Semester 5/Framework Based Programming/crud-ci4-pbkk/system/Database/MySQLi/Connection.php(306): mysqli->query('INSERT INTO `us...', 0)
#1 /Users/ferroyudisthira/Desktop/Semesters/Semester 5/Framework Based Programming/crud-ci4-pbkk/system/Database/BaseConnection.php(692): CodeIgniter\Database\MySQLi\Connection->execute('INSERT INTO `us...')
#2 /Users/ferroyudisthira/Desktop/Semesters/Semester 5/Framework Based Programming/crud-ci4-pbkk/system/Database/BaseConnection.php(606): CodeIgniter\Database\BaseConnection->simpleQuery('INSERT INTO `us...')
#3 /Users/ferroyudisthira/Desktop/Semesters/Semester 5/Framework Based Programming/crud-ci4-pbkk/system/Database/BaseBuilder.php(2308): CodeIgniter\Database\BaseConnection->query('INSERT INTO `us...', Array, false)
#4 /Users/ferroyudisthira/Desktop/Semesters/Semester 5/Framework Based Programming/crud-ci4-pbkk/system/Model.php(319): CodeIgniter\Database\BaseBuilder->insert()
#5 /Users/ferroyudisthira/Desktop/Semesters/Semester 5/Framework Based Programming/crud-ci4-pbkk/system/BaseModel.php(788): CodeIgniter\Model->doInsert(Array)
#6 /Users/ferroyudisthira/Desktop/Semesters/Semester 5/Framework Based Programming/crud-ci4-pbkk/system/Model.php(715): CodeIgniter\BaseModel->insert(Array, true)
#7 /Users/ferroyudisthira/Desktop/Semesters/Semester 5/Framework Based Programming/crud-ci4-pbkk/app/Controllers/UserCrud.php(27): CodeIgniter\Model->insert(Array)
#8 /Users/ferroyudisthira/Desktop/Semesters/Semester 5/Framework Based Programming/crud-ci4-pbkk/system/CodeIgniter.php(919): App\Controllers\UserCrud->store()
#9 /Users/ferroyudisthira/Desktop/Semesters/Semester 5/Framework Based Programming/crud-ci4-pbkk/system/CodeIgniter.php(494): CodeIgniter\CodeIgniter->runController(Object(App\Controllers\UserCrud))
#10 /Users/ferroyudisthira/Desktop/Semesters/Semester 5/Framework Based Programming/crud-ci4-pbkk/system/CodeIgniter.php(353): CodeIgniter\CodeIgniter->handleRequest(NULL, Object(Config\Cache), false)
#11 /Users/ferroyudisthira/Desktop/Semesters/Semester 5/Framework Based Programming/crud-ci4-pbkk/public/index.php(79): CodeIgniter\CodeIgniter->run()
#12 /Users/ferroyudisthira/Desktop/Semesters/Semester 5/Framework Based Programming/crud-ci4-pbkk/system/Commands/Server/rewrite.php(47): require_once('/Users/ferroyud...')
#13 {main}
CRITICAL - 2023-11-18 14:48:31 --> Unknown column 'name' in 'field list'
in SYSTEMPATH/Database/BaseConnection.php on line 646.
 1 SYSTEMPATH/Database/BaseBuilder.php(2308): CodeIgniter\Database\BaseConnection->query('INSERT INTO `users` (`name`, `email`) VALUES (:name:, :email:)', [...], false)
 2 SYSTEMPATH/Model.php(319): CodeIgniter\Database\BaseBuilder->insert()
 3 SYSTEMPATH/BaseModel.php(788): CodeIgniter\Model->doInsert([...])
 4 SYSTEMPATH/Model.php(715): CodeIgniter\BaseModel->insert([...], true)
 5 APPPATH/Controllers/UserCrud.php(27): CodeIgniter\Model->insert([...])
 6 SYSTEMPATH/CodeIgniter.php(919): App\Controllers\UserCrud->store()
 7 SYSTEMPATH/CodeIgniter.php(494): CodeIgniter\CodeIgniter->runController(Object(App\Controllers\UserCrud))
 8 SYSTEMPATH/CodeIgniter.php(353): CodeIgniter\CodeIgniter->handleRequest(null, Object(Config\Cache), false)
 9 FCPATH/index.php(79): CodeIgniter\CodeIgniter->run()
10 SYSTEMPATH/Commands/Server/rewrite.php(47): require_once('/Users/ferroyudisthira/Desktop/Semesters/Semester 5/Framework Based Programming/crud-ci4-pbkk/public/index.php')
ERROR - 2023-11-18 14:49:03 --> mysqli_sql_exception: Unknown column 'name' in 'field list' in /Users/ferroyudisthira/Desktop/Semesters/Semester 5/Framework Based Programming/crud-ci4-pbkk/system/Database/MySQLi/Connection.php:306
Stack trace:
#0 /Users/ferroyudisthira/Desktop/Semesters/Semester 5/Framework Based Programming/crud-ci4-pbkk/system/Database/MySQLi/Connection.php(306): mysqli->query('INSERT INTO `us...', 0)
#1 /Users/ferroyudisthira/Desktop/Semesters/Semester 5/Framework Based Programming/crud-ci4-pbkk/system/Database/BaseConnection.php(692): CodeIgniter\Database\MySQLi\Connection->execute('INSERT INTO `us...')
#2 /Users/ferroyudisthira/Desktop/Semesters/Semester 5/Framework Based Programming/crud-ci4-pbkk/system/Database/BaseConnection.php(606): CodeIgniter\Database\BaseConnection->simpleQuery('INSERT INTO `us...')
#3 /Users/ferroyudisthira/Desktop/Semesters/Semester 5/Framework Based Programming/crud-ci4-pbkk/system/Database/BaseBuilder.php(2308): CodeIgniter\Database\BaseConnection->query('INSERT INTO `us...', Array, false)
#4 /Users/ferroyudisthira/Desktop/Semesters/Semester 5/Framework Based Programming/crud-ci4-pbkk/system/Model.php(319): CodeIgniter\Database\BaseBuilder->insert()
#5 /Users/ferroyudisthira/Desktop/Semesters/Semester 5/Framework Based Programming/crud-ci4-pbkk/system/BaseModel.php(788): CodeIgniter\Model->doInsert(Array)
#6 /Users/ferroyudisthira/Desktop/Semesters/Semester 5/Framework Based Programming/crud-ci4-pbkk/system/Model.php(715): CodeIgniter\BaseModel->insert(Array, true)
#7 /Users/ferroyudisthira/Desktop/Semesters/Semester 5/Framework Based Programming/crud-ci4-pbkk/app/Controllers/UserCrud.php(27): CodeIgniter\Model->insert(Array)
#8 /Users/ferroyudisthira/Desktop/Semesters/Semester 5/Framework Based Programming/crud-ci4-pbkk/system/CodeIgniter.php(919): App\Controllers\UserCrud->store()
#9 /Users/ferroyudisthira/Desktop/Semesters/Semester 5/Framework Based Programming/crud-ci4-pbkk/system/CodeIgniter.php(494): CodeIgniter\CodeIgniter->runController(Object(App\Controllers\UserCrud))
#10 /Users/ferroyudisthira/Desktop/Semesters/Semester 5/Framework Based Programming/crud-ci4-pbkk/system/CodeIgniter.php(353): CodeIgniter\CodeIgniter->handleRequest(NULL, Object(Config\Cache), false)
#11 /Users/ferroyudisthira/Desktop/Semesters/Semester 5/Framework Based Programming/crud-ci4-pbkk/public/index.php(79): CodeIgniter\CodeIgniter->run()
#12 /Users/ferroyudisthira/Desktop/Semesters/Semester 5/Framework Based Programming/crud-ci4-pbkk/system/Commands/Server/rewrite.php(47): require_once('/Users/ferroyud...')
#13 {main}
CRITICAL - 2023-11-18 14:49:03 --> Unknown column 'name' in 'field list'
in SYSTEMPATH/Database/BaseConnection.php on line 646.
 1 SYSTEMPATH/Database/BaseBuilder.php(2308): CodeIgniter\Database\BaseConnection->query('INSERT INTO `users` (`name`, `email`) VALUES (:name:, :email:)', [...], false)
 2 SYSTEMPATH/Model.php(319): CodeIgniter\Database\BaseBuilder->insert()
 3 SYSTEMPATH/BaseModel.php(788): CodeIgniter\Model->doInsert([...])
 4 SYSTEMPATH/Model.php(715): CodeIgniter\BaseModel->insert([...], true)
 5 APPPATH/Controllers/UserCrud.php(27): CodeIgniter\Model->insert([...])
 6 SYSTEMPATH/CodeIgniter.php(919): App\Controllers\UserCrud->store()
 7 SYSTEMPATH/CodeIgniter.php(494): CodeIgniter\CodeIgniter->runController(Object(App\Controllers\UserCrud))
 8 SYSTEMPATH/CodeIgniter.php(353): CodeIgniter\CodeIgniter->handleRequest(null, Object(Config\Cache), false)
 9 FCPATH/index.php(79): CodeIgniter\CodeIgniter->run()
10 SYSTEMPATH/Commands/Server/rewrite.php(47): require_once('/Users/ferroyudisthira/Desktop/Semesters/Semester 5/Framework Based Programming/crud-ci4-pbkk/public/index.php')
CRITICAL - 2023-11-18 14:50:35 --> There is no data to insert.
in SYSTEMPATH/BaseModel.php on line 768.
 1 SYSTEMPATH/BaseModel.php(768): CodeIgniter\Database\Exceptions\DataException::forEmptyDataset('insert')
 2 SYSTEMPATH/Model.php(715): CodeIgniter\BaseModel->insert([], true)
 3 APPPATH/Controllers/UserCrud.php(27): CodeIgniter\Model->insert([...])
 4 SYSTEMPATH/CodeIgniter.php(919): App\Controllers\UserCrud->store()
 5 SYSTEMPATH/CodeIgniter.php(494): CodeIgniter\CodeIgniter->runController(Object(App\Controllers\UserCrud))
 6 SYSTEMPATH/CodeIgniter.php(353): CodeIgniter\CodeIgniter->handleRequest(null, Object(Config\Cache), false)
 7 FCPATH/index.php(79): CodeIgniter\CodeIgniter->run()
 8 SYSTEMPATH/Commands/Server/rewrite.php(47): require_once('/Users/ferroyudisthira/Desktop/Semesters/Semester 5/Framework Based Programming/crud-ci4-pbkk/public/index.php')
CRITICAL - 2023-11-18 14:51:33 --> There is no data to insert.
in SYSTEMPATH/BaseModel.php on line 768.
 1 SYSTEMPATH/BaseModel.php(768): CodeIgniter\Database\Exceptions\DataException::forEmptyDataset('insert')
 2 SYSTEMPATH/Model.php(715): CodeIgniter\BaseModel->insert([], true)
 3 APPPATH/Controllers/UserCrud.php(27): CodeIgniter\Model->insert([...])
 4 SYSTEMPATH/CodeIgniter.php(919): App\Controllers\UserCrud->store()
 5 SYSTEMPATH/CodeIgniter.php(494): CodeIgniter\CodeIgniter->runController(Object(App\Controllers\UserCrud))
 6 SYSTEMPATH/CodeIgniter.php(353): CodeIgniter\CodeIgniter->handleRequest(null, Object(Config\Cache), false)
 7 FCPATH/index.php(79): CodeIgniter\CodeIgniter->run()
 8 SYSTEMPATH/Commands/Server/rewrite.php(47): require_once('/Users/ferroyudisthira/Desktop/Semesters/Semester 5/Framework Based Programming/crud-ci4-pbkk/public/index.php')
CRITICAL - 2023-11-18 14:53:47 --> There is no data to insert.
in SYSTEMPATH/BaseModel.php on line 768.
 1 SYSTEMPATH/BaseModel.php(768): CodeIgniter\Database\Exceptions\DataException::forEmptyDataset('insert')
 2 SYSTEMPATH/Model.php(715): CodeIgniter\BaseModel->insert([], true)
 3 APPPATH/Controllers/UserCrud.php(27): CodeIgniter\Model->insert([...])
 4 SYSTEMPATH/CodeIgniter.php(919): App\Controllers\UserCrud->store()
 5 SYSTEMPATH/CodeIgniter.php(494): CodeIgniter\CodeIgniter->runController(Object(App\Controllers\UserCrud))
 6 SYSTEMPATH/CodeIgniter.php(353): CodeIgniter\CodeIgniter->handleRequest(null, Object(Config\Cache), false)
 7 FCPATH/index.php(79): CodeIgniter\CodeIgniter->run()
 8 SYSTEMPATH/Commands/Server/rewrite.php(47): require_once('/Users/ferroyudisthira/Desktop/Semesters/Semester 5/Framework Based Programming/crud-ci4-pbkk/public/index.php')
CRITICAL - 2023-11-18 14:55:28 --> Undefined constant "App\Controllers\console"
in APPPATH/Controllers/UserCrud.php on line 27.
 1 SYSTEMPATH/CodeIgniter.php(919): App\Controllers\UserCrud->store()
 2 SYSTEMPATH/CodeIgniter.php(494): CodeIgniter\CodeIgniter->runController(Object(App\Controllers\UserCrud))
 3 SYSTEMPATH/CodeIgniter.php(353): CodeIgniter\CodeIgniter->handleRequest(null, Object(Config\Cache), false)
 4 FCPATH/index.php(79): CodeIgniter\CodeIgniter->run()
 5 SYSTEMPATH/Commands/Server/rewrite.php(47): require_once('/Users/ferroyudisthira/Desktop/Semesters/Semester 5/Framework Based Programming/crud-ci4-pbkk/public/index.php')
CRITICAL - 2023-11-18 14:57:30 --> There is no data to insert.
in SYSTEMPATH/BaseModel.php on line 768.
 1 SYSTEMPATH/BaseModel.php(768): CodeIgniter\Database\Exceptions\DataException::forEmptyDataset('insert')
 2 SYSTEMPATH/Model.php(715): CodeIgniter\BaseModel->insert([], true)
 3 APPPATH/Controllers/UserCrud.php(27): CodeIgniter\Model->insert([...])
 4 SYSTEMPATH/CodeIgniter.php(919): App\Controllers\UserCrud->store()
 5 SYSTEMPATH/CodeIgniter.php(494): CodeIgniter\CodeIgniter->runController(Object(App\Controllers\UserCrud))
 6 SYSTEMPATH/CodeIgniter.php(353): CodeIgniter\CodeIgniter->handleRequest(null, Object(Config\Cache), false)
 7 FCPATH/index.php(79): CodeIgniter\CodeIgniter->run()
 8 SYSTEMPATH/Commands/Server/rewrite.php(47): require_once('/Users/ferroyudisthira/Desktop/Semesters/Semester 5/Framework Based Programming/crud-ci4-pbkk/public/index.php')
CRITICAL - 2023-11-18 14:59:27 --> There is no data to insert.
in SYSTEMPATH/BaseModel.php on line 768.
 1 SYSTEMPATH/BaseModel.php(768): CodeIgniter\Database\Exceptions\DataException::forEmptyDataset('insert')
 2 SYSTEMPATH/Model.php(715): CodeIgniter\BaseModel->insert([], true)
 3 APPPATH/Controllers/UserCrud.php(27): CodeIgniter\Model->insert([...])
 4 SYSTEMPATH/CodeIgniter.php(919): App\Controllers\UserCrud->store()
 5 SYSTEMPATH/CodeIgniter.php(494): CodeIgniter\CodeIgniter->runController(Object(App\Controllers\UserCrud))
 6 SYSTEMPATH/CodeIgniter.php(353): CodeIgniter\CodeIgniter->handleRequest(null, Object(Config\Cache), false)
 7 FCPATH/index.php(79): CodeIgniter\CodeIgniter->run()
 8 SYSTEMPATH/Commands/Server/rewrite.php(47): require_once('/Users/ferroyudisthira/Desktop/Semesters/Semester 5/Framework Based Programming/crud-ci4-pbkk/public/index.php')
CRITICAL - 2023-11-18 15:01:10 --> Undefined array key "id"
in APPPATH/Views/user_view.php on line 34.
 1 APPPATH/Views/user_view.php(34): CodeIgniter\Debug\Exceptions->errorHandler(2, 'Undefined array key "id"', '/Users/ferroyudisthira/Desktop/Semesters/Semester 5/Framework Based Programming/crud-ci4-pbkk/app/Views/user_view.php', 34)
 2 SYSTEMPATH/View/View.php(226): include('/Users/ferroyudisthira/Desktop/Semesters/Semester 5/Framework Based Programming/crud-ci4-pbkk/app/Views/user_view.php')
 3 SYSTEMPATH/View/View.php(229): CodeIgniter\View\View->CodeIgniter\View\{closure}()
 4 SYSTEMPATH/Common.php(1188): CodeIgniter\View\View->render('user_view', [], true)
 5 APPPATH/Controllers/UserCrud.php(12): view('user_view', [...])
 6 SYSTEMPATH/CodeIgniter.php(919): App\Controllers\UserCrud->index()
 7 SYSTEMPATH/CodeIgniter.php(494): CodeIgniter\CodeIgniter->runController(Object(App\Controllers\UserCrud))
 8 SYSTEMPATH/CodeIgniter.php(353): CodeIgniter\CodeIgniter->handleRequest(null, Object(Config\Cache), false)
 9 FCPATH/index.php(79): CodeIgniter\CodeIgniter->run()
10 SYSTEMPATH/Commands/Server/rewrite.php(47): require_once('/Users/ferroyudisthira/Desktop/Semesters/Semester 5/Framework Based Programming/crud-ci4-pbkk/public/index.php')
CRITICAL - 2023-11-18 15:01:42 --> Undefined array key "id"
in APPPATH/Views/user_view.php on line 36.
 1 APPPATH/Views/user_view.php(36): CodeIgniter\Debug\Exceptions->errorHandler(2, 'Undefined array key "id"', '/Users/ferroyudisthira/Desktop/Semesters/Semester 5/Framework Based Programming/crud-ci4-pbkk/app/Views/user_view.php', 36)
 2 SYSTEMPATH/View/View.php(226): include('/Users/ferroyudisthira/Desktop/Semesters/Semester 5/Framework Based Programming/crud-ci4-pbkk/app/Views/user_view.php')
 3 SYSTEMPATH/View/View.php(229): CodeIgniter\View\View->CodeIgniter\View\{closure}()
 4 SYSTEMPATH/Common.php(1188): CodeIgniter\View\View->render('user_view', [], true)
 5 APPPATH/Controllers/UserCrud.php(12): view('user_view', [...])
 6 SYSTEMPATH/CodeIgniter.php(919): App\Controllers\UserCrud->index()
 7 SYSTEMPATH/CodeIgniter.php(494): CodeIgniter\CodeIgniter->runController(Object(App\Controllers\UserCrud))
 8 SYSTEMPATH/CodeIgniter.php(353): CodeIgniter\CodeIgniter->handleRequest(null, Object(Config\Cache), false)
 9 FCPATH/index.php(79): CodeIgniter\CodeIgniter->run()
10 SYSTEMPATH/Commands/Server/rewrite.php(47): require_once('/Users/ferroyudisthira/Desktop/Semesters/Semester 5/Framework Based Programming/crud-ci4-pbkk/public/index.php')
CRITICAL - 2023-11-18 15:02:10 --> There is no data to insert.
in SYSTEMPATH/BaseModel.php on line 768.
 1 SYSTEMPATH/BaseModel.php(768): CodeIgniter\Database\Exceptions\DataException::forEmptyDataset('insert')
 2 SYSTEMPATH/Model.php(715): CodeIgniter\BaseModel->insert([], true)
 3 APPPATH/Controllers/UserCrud.php(27): CodeIgniter\Model->insert([...])
 4 SYSTEMPATH/CodeIgniter.php(919): App\Controllers\UserCrud->store()
 5 SYSTEMPATH/CodeIgniter.php(494): CodeIgniter\CodeIgniter->runController(Object(App\Controllers\UserCrud))
 6 SYSTEMPATH/CodeIgniter.php(353): CodeIgniter\CodeIgniter->handleRequest(null, Object(Config\Cache), false)
 7 FCPATH/index.php(79): CodeIgniter\CodeIgniter->run()
 8 SYSTEMPATH/Commands/Server/rewrite.php(47): require_once('/Users/ferroyudisthira/Desktop/Semesters/Semester 5/Framework Based Programming/crud-ci4-pbkk/public/index.php')
CRITICAL - 2023-11-18 15:03:53 --> Undefined variable $id
in APPPATH/Controllers/UserCrud.php on line 28.
 1 APPPATH/Controllers/UserCrud.php(28): CodeIgniter\Debug\Exceptions->errorHandler(2, 'Undefined variable $id', '/Users/ferroyudisthira/Desktop/Semesters/Semester 5/Framework Based Programming/crud-ci4-pbkk/app/Controllers/UserCrud.php', 28)
 2 SYSTEMPATH/CodeIgniter.php(919): App\Controllers\UserCrud->store()
 3 SYSTEMPATH/CodeIgniter.php(494): CodeIgniter\CodeIgniter->runController(Object(App\Controllers\UserCrud))
 4 SYSTEMPATH/CodeIgniter.php(353): CodeIgniter\CodeIgniter->handleRequest(null, Object(Config\Cache), false)
 5 FCPATH/index.php(79): CodeIgniter\CodeIgniter->run()
 6 SYSTEMPATH/Commands/Server/rewrite.php(47): require_once('/Users/ferroyudisthira/Desktop/Semesters/Semester 5/Framework Based Programming/crud-ci4-pbkk/public/index.php')
CRITICAL - 2023-11-18 15:04:06 --> Undefined variable $ID
in APPPATH/Controllers/UserCrud.php on line 28.
 1 APPPATH/Controllers/UserCrud.php(28): CodeIgniter\Debug\Exceptions->errorHandler(2, 'Undefined variable $ID', '/Users/ferroyudisthira/Desktop/Semesters/Semester 5/Framework Based Programming/crud-ci4-pbkk/app/Controllers/UserCrud.php', 28)
 2 SYSTEMPATH/CodeIgniter.php(919): App\Controllers\UserCrud->store()
 3 SYSTEMPATH/CodeIgniter.php(494): CodeIgniter\CodeIgniter->runController(Object(App\Controllers\UserCrud))
 4 SYSTEMPATH/CodeIgniter.php(353): CodeIgniter\CodeIgniter->handleRequest(null, Object(Config\Cache), false)
 5 FCPATH/index.php(79): CodeIgniter\CodeIgniter->run()
 6 SYSTEMPATH/Commands/Server/rewrite.php(47): require_once('/Users/ferroyudisthira/Desktop/Semesters/Semester 5/Framework Based Programming/crud-ci4-pbkk/public/index.php')
CRITICAL - 2023-11-18 15:04:50 --> There is no data to insert.
in SYSTEMPATH/BaseModel.php on line 768.
 1 SYSTEMPATH/BaseModel.php(768): CodeIgniter\Database\Exceptions\DataException::forEmptyDataset('insert')
 2 SYSTEMPATH/Model.php(715): CodeIgniter\BaseModel->insert([], true)
 3 APPPATH/Controllers/UserCrud.php(32): CodeIgniter\Model->insert([...])
 4 SYSTEMPATH/CodeIgniter.php(919): App\Controllers\UserCrud->store()
 5 SYSTEMPATH/CodeIgniter.php(494): CodeIgniter\CodeIgniter->runController(Object(App\Controllers\UserCrud))
 6 SYSTEMPATH/CodeIgniter.php(353): CodeIgniter\CodeIgniter->handleRequest(null, Object(Config\Cache), false)
 7 FCPATH/index.php(79): CodeIgniter\CodeIgniter->run()
 8 SYSTEMPATH/Commands/Server/rewrite.php(47): require_once('/Users/ferroyudisthira/Desktop/Semesters/Semester 5/Framework Based Programming/crud-ci4-pbkk/public/index.php')
CRITICAL - 2023-11-18 15:05:09 --> Undefined variable $data
in APPPATH/Controllers/UserCrud.php on line 32.
 1 APPPATH/Controllers/UserCrud.php(32): CodeIgniter\Debug\Exceptions->errorHandler(2, 'Undefined variable $data', '/Users/ferroyudisthira/Desktop/Semesters/Semester 5/Framework Based Programming/crud-ci4-pbkk/app/Controllers/UserCrud.php', 32)
 2 SYSTEMPATH/CodeIgniter.php(919): App\Controllers\UserCrud->store()
 3 SYSTEMPATH/CodeIgniter.php(494): CodeIgniter\CodeIgniter->runController(Object(App\Controllers\UserCrud))
 4 SYSTEMPATH/CodeIgniter.php(353): CodeIgniter\CodeIgniter->handleRequest(null, Object(Config\Cache), false)
 5 FCPATH/index.php(79): CodeIgniter\CodeIgniter->run()
 6 SYSTEMPATH/Commands/Server/rewrite.php(47): require_once('/Users/ferroyudisthira/Desktop/Semesters/Semester 5/Framework Based Programming/crud-ci4-pbkk/public/index.php')
CRITICAL - 2023-11-18 15:05:45 --> There is no data to insert.
in SYSTEMPATH/BaseModel.php on line 768.
 1 SYSTEMPATH/BaseModel.php(768): CodeIgniter\Database\Exceptions\DataException::forEmptyDataset('insert')
 2 SYSTEMPATH/Model.php(715): CodeIgniter\BaseModel->insert([], true)
 3 APPPATH/Controllers/UserCrud.php(29): CodeIgniter\Model->insert([...])
 4 SYSTEMPATH/CodeIgniter.php(919): App\Controllers\UserCrud->store()
 5 SYSTEMPATH/CodeIgniter.php(494): CodeIgniter\CodeIgniter->runController(Object(App\Controllers\UserCrud))
 6 SYSTEMPATH/CodeIgniter.php(353): CodeIgniter\CodeIgniter->handleRequest(null, Object(Config\Cache), false)
 7 FCPATH/index.php(79): CodeIgniter\CodeIgniter->run()
 8 SYSTEMPATH/Commands/Server/rewrite.php(47): require_once('/Users/ferroyudisthira/Desktop/Semesters/Semester 5/Framework Based Programming/crud-ci4-pbkk/public/index.php')
CRITICAL - 2023-11-18 15:07:08 --> There is no data to insert.
in SYSTEMPATH/BaseModel.php on line 768.
 1 SYSTEMPATH/BaseModel.php(768): CodeIgniter\Database\Exceptions\DataException::forEmptyDataset('insert')
 2 SYSTEMPATH/Model.php(715): CodeIgniter\BaseModel->insert([], true)
 3 APPPATH/Controllers/UserCrud.php(29): CodeIgniter\Model->insert([...])
 4 SYSTEMPATH/CodeIgniter.php(919): App\Controllers\UserCrud->store()
 5 SYSTEMPATH/CodeIgniter.php(494): CodeIgniter\CodeIgniter->runController(Object(App\Controllers\UserCrud))
 6 SYSTEMPATH/CodeIgniter.php(353): CodeIgniter\CodeIgniter->handleRequest(null, Object(Config\Cache), false)
 7 FCPATH/index.php(79): CodeIgniter\CodeIgniter->run()
 8 SYSTEMPATH/Commands/Server/rewrite.php(47): require_once('/Users/ferroyudisthira/Desktop/Semesters/Semester 5/Framework Based Programming/crud-ci4-pbkk/public/index.php')
CRITICAL - 2023-11-18 15:07:40 --> There is no data to insert.
in SYSTEMPATH/BaseModel.php on line 768.
 1 SYSTEMPATH/BaseModel.php(768): CodeIgniter\Database\Exceptions\DataException::forEmptyDataset('insert')
 2 SYSTEMPATH/Model.php(715): CodeIgniter\BaseModel->insert([], true)
 3 APPPATH/Controllers/UserCrud.php(29): CodeIgniter\Model->insert([...])
 4 SYSTEMPATH/CodeIgniter.php(919): App\Controllers\UserCrud->store()
 5 SYSTEMPATH/CodeIgniter.php(494): CodeIgniter\CodeIgniter->runController(Object(App\Controllers\UserCrud))
 6 SYSTEMPATH/CodeIgniter.php(353): CodeIgniter\CodeIgniter->handleRequest(null, Object(Config\Cache), false)
 7 FCPATH/index.php(79): CodeIgniter\CodeIgniter->run()
 8 SYSTEMPATH/Commands/Server/rewrite.php(47): require_once('/Users/ferroyudisthira/Desktop/Semesters/Semester 5/Framework Based Programming/crud-ci4-pbkk/public/index.php')
CRITICAL - 2023-11-18 15:08:57 --> Undefined variable $db
in APPPATH/Controllers/UserCrud.php on line 29.
 1 APPPATH/Controllers/UserCrud.php(29): CodeIgniter\Debug\Exceptions->errorHandler(2, 'Undefined variable $db', '/Users/ferroyudisthira/Desktop/Semesters/Semester 5/Framework Based Programming/crud-ci4-pbkk/app/Controllers/UserCrud.php', 29)
 2 SYSTEMPATH/CodeIgniter.php(919): App\Controllers\UserCrud->store()
 3 SYSTEMPATH/CodeIgniter.php(494): CodeIgniter\CodeIgniter->runController(Object(App\Controllers\UserCrud))
 4 SYSTEMPATH/CodeIgniter.php(353): CodeIgniter\CodeIgniter->handleRequest(null, Object(Config\Cache), false)
 5 FCPATH/index.php(79): CodeIgniter\CodeIgniter->run()
 6 SYSTEMPATH/Commands/Server/rewrite.php(47): require_once('/Users/ferroyudisthira/Desktop/Semesters/Semester 5/Framework Based Programming/crud-ci4-pbkk/public/index.php')
CRITICAL - 2023-11-18 15:11:25 --> Array to string conversion
in APPPATH/Controllers/UserCrud.php on line 31.
 1 APPPATH/Controllers/UserCrud.php(31): CodeIgniter\Debug\Exceptions->errorHandler(2, 'Array to string conversion', '/Users/ferroyudisthira/Desktop/Semesters/Semester 5/Framework Based Programming/crud-ci4-pbkk/app/Controllers/UserCrud.php', 31)
 2 SYSTEMPATH/CodeIgniter.php(919): App\Controllers\UserCrud->store()
 3 SYSTEMPATH/CodeIgniter.php(494): CodeIgniter\CodeIgniter->runController(Object(App\Controllers\UserCrud))
 4 SYSTEMPATH/CodeIgniter.php(353): CodeIgniter\CodeIgniter->handleRequest(null, Object(Config\Cache), false)
 5 FCPATH/index.php(79): CodeIgniter\CodeIgniter->run()
 6 SYSTEMPATH/Commands/Server/rewrite.php(47): require_once('/Users/ferroyudisthira/Desktop/Semesters/Semester 5/Framework Based Programming/crud-ci4-pbkk/public/index.php')
CRITICAL - 2023-11-18 15:11:37 --> Array to string conversion
in APPPATH/Controllers/UserCrud.php on line 31.
 1 APPPATH/Controllers/UserCrud.php(31): CodeIgniter\Debug\Exceptions->errorHandler(2, 'Array to string conversion', '/Users/ferroyudisthira/Desktop/Semesters/Semester 5/Framework Based Programming/crud-ci4-pbkk/app/Controllers/UserCrud.php', 31)
 2 SYSTEMPATH/CodeIgniter.php(919): App\Controllers\UserCrud->store()
 3 SYSTEMPATH/CodeIgniter.php(494): CodeIgniter\CodeIgniter->runController(Object(App\Controllers\UserCrud))
 4 SYSTEMPATH/CodeIgniter.php(353): CodeIgniter\CodeIgniter->handleRequest(null, Object(Config\Cache), false)
 5 FCPATH/index.php(79): CodeIgniter\CodeIgniter->run()
 6 SYSTEMPATH/Commands/Server/rewrite.php(47): require_once('/Users/ferroyudisthira/Desktop/Semesters/Semester 5/Framework Based Programming/crud-ci4-pbkk/public/index.php')
CRITICAL - 2023-11-18 15:13:34 --> There is no data to insert.
in SYSTEMPATH/BaseModel.php on line 768.
 1 SYSTEMPATH/BaseModel.php(768): CodeIgniter\Database\Exceptions\DataException::forEmptyDataset('insert')
 2 SYSTEMPATH/Model.php(715): CodeIgniter\BaseModel->insert([], true)
 3 APPPATH/Controllers/UserCrud.php(32): CodeIgniter\Model->insert([...])
 4 SYSTEMPATH/CodeIgniter.php(919): App\Controllers\UserCrud->store()
 5 SYSTEMPATH/CodeIgniter.php(494): CodeIgniter\CodeIgniter->runController(Object(App\Controllers\UserCrud))
 6 SYSTEMPATH/CodeIgniter.php(353): CodeIgniter\CodeIgniter->handleRequest(null, Object(Config\Cache), false)
 7 FCPATH/index.php(79): CodeIgniter\CodeIgniter->run()
 8 SYSTEMPATH/Commands/Server/rewrite.php(47): require_once('/Users/ferroyudisthira/Desktop/Semesters/Semester 5/Framework Based Programming/crud-ci4-pbkk/public/index.php')
CRITICAL - 2023-11-18 15:16:24 --> Undefined array key "id"
in APPPATH/Views/edit_view.php on line 22.
 1 APPPATH/Views/edit_view.php(22): CodeIgniter\Debug\Exceptions->errorHandler(2, 'Undefined array key "id"', '/Users/ferroyudisthira/Desktop/Semesters/Semester 5/Framework Based Programming/crud-ci4-pbkk/app/Views/edit_view.php', 22)
 2 SYSTEMPATH/View/View.php(226): include('/Users/ferroyudisthira/Desktop/Semesters/Semester 5/Framework Based Programming/crud-ci4-pbkk/app/Views/edit_view.php')
 3 SYSTEMPATH/View/View.php(229): CodeIgniter\View\View->CodeIgniter\View\{closure}()
 4 SYSTEMPATH/Common.php(1188): CodeIgniter\View\View->render('edit_view', [], true)
 5 APPPATH/Controllers/UserCrud.php(40): view('edit_view', [...])
 6 SYSTEMPATH/CodeIgniter.php(919): App\Controllers\UserCrud->singleUser('1')
 7 SYSTEMPATH/CodeIgniter.php(494): CodeIgniter\CodeIgniter->runController(Object(App\Controllers\UserCrud))
 8 SYSTEMPATH/CodeIgniter.php(353): CodeIgniter\CodeIgniter->handleRequest(null, Object(Config\Cache), false)
 9 FCPATH/index.php(79): CodeIgniter\CodeIgniter->run()
10 SYSTEMPATH/Commands/Server/rewrite.php(47): require_once('/Users/ferroyudisthira/Desktop/Semesters/Semester 5/Framework Based Programming/crud-ci4-pbkk/public/index.php')
CRITICAL - 2023-11-18 15:17:59 --> Undefined array key "IDD"
in APPPATH/Views/edit_view.php on line 24.
 1 APPPATH/Views/edit_view.php(24): CodeIgniter\Debug\Exceptions->errorHandler(2, 'Undefined array key "IDD"', '/Users/ferroyudisthira/Desktop/Semesters/Semester 5/Framework Based Programming/crud-ci4-pbkk/app/Views/edit_view.php', 24)
 2 SYSTEMPATH/View/View.php(226): include('/Users/ferroyudisthira/Desktop/Semesters/Semester 5/Framework Based Programming/crud-ci4-pbkk/app/Views/edit_view.php')
 3 SYSTEMPATH/View/View.php(229): CodeIgniter\View\View->CodeIgniter\View\{closure}()
 4 SYSTEMPATH/Common.php(1188): CodeIgniter\View\View->render('edit_view', [], true)
 5 APPPATH/Controllers/UserCrud.php(40): view('edit_view', [...])
 6 SYSTEMPATH/CodeIgniter.php(919): App\Controllers\UserCrud->singleUser('1')
 7 SYSTEMPATH/CodeIgniter.php(494): CodeIgniter\CodeIgniter->runController(Object(App\Controllers\UserCrud))
 8 SYSTEMPATH/CodeIgniter.php(353): CodeIgniter\CodeIgniter->handleRequest(null, Object(Config\Cache), false)
 9 FCPATH/index.php(79): CodeIgniter\CodeIgniter->run()
10 SYSTEMPATH/Commands/Server/rewrite.php(47): require_once('/Users/ferroyudisthira/Desktop/Semesters/Semester 5/Framework Based Programming/crud-ci4-pbkk/public/index.php')
CRITICAL - 2023-11-18 15:18:01 --> Undefined array key "IDD"
in APPPATH/Views/edit_view.php on line 24.
 1 APPPATH/Views/edit_view.php(24): CodeIgniter\Debug\Exceptions->errorHandler(2, 'Undefined array key "IDD"', '/Users/ferroyudisthira/Desktop/Semesters/Semester 5/Framework Based Programming/crud-ci4-pbkk/app/Views/edit_view.php', 24)
 2 SYSTEMPATH/View/View.php(226): include('/Users/ferroyudisthira/Desktop/Semesters/Semester 5/Framework Based Programming/crud-ci4-pbkk/app/Views/edit_view.php')
 3 SYSTEMPATH/View/View.php(229): CodeIgniter\View\View->CodeIgniter\View\{closure}()
 4 SYSTEMPATH/Common.php(1188): CodeIgniter\View\View->render('edit_view', [], true)
 5 APPPATH/Controllers/UserCrud.php(40): view('edit_view', [...])
 6 SYSTEMPATH/CodeIgniter.php(919): App\Controllers\UserCrud->singleUser('1')
 7 SYSTEMPATH/CodeIgniter.php(494): CodeIgniter\CodeIgniter->runController(Object(App\Controllers\UserCrud))
 8 SYSTEMPATH/CodeIgniter.php(353): CodeIgniter\CodeIgniter->handleRequest(null, Object(Config\Cache), false)
 9 FCPATH/index.php(79): CodeIgniter\CodeIgniter->run()
10 SYSTEMPATH/Commands/Server/rewrite.php(47): require_once('/Users/ferroyudisthira/Desktop/Semesters/Semester 5/Framework Based Programming/crud-ci4-pbkk/public/index.php')
CRITICAL - 2023-11-18 15:18:13 --> There is no data to update.
in SYSTEMPATH/BaseModel.php on line 930.
 1 SYSTEMPATH/BaseModel.php(930): CodeIgniter\Database\Exceptions\DataException::forEmptyDataset('update')
 2 SYSTEMPATH/Model.php(776): CodeIgniter\BaseModel->update(null, [])
 3 APPPATH/Controllers/UserCrud.php(51): CodeIgniter\Model->update(null, [...])
 4 SYSTEMPATH/CodeIgniter.php(919): App\Controllers\UserCrud->update()
 5 SYSTEMPATH/CodeIgniter.php(494): CodeIgniter\CodeIgniter->runController(Object(App\Controllers\UserCrud))
 6 SYSTEMPATH/CodeIgniter.php(353): CodeIgniter\CodeIgniter->handleRequest(null, Object(Config\Cache), false)
 7 FCPATH/index.php(79): CodeIgniter\CodeIgniter->run()
 8 SYSTEMPATH/Commands/Server/rewrite.php(47): require_once('/Users/ferroyudisthira/Desktop/Semesters/Semester 5/Framework Based Programming/crud-ci4-pbkk/public/index.php')
